<?xml version="1.0" encoding="UTF-8"?>
<testsuite name="com.example.ecoms.MqttClientTest" tests="1" skipped="0" failures="1" errors="0" timestamp="2024-03-15T03:02:38" hostname="voyager" time="0.927">
  <properties/>
  <testcase name="connect" classname="com.example.ecoms.MqttClientTest" time="0.927">
    <failure message="Connection lost (32109) - java.io.EOFException" type="org.eclipse.paho.client.mqttv3.MqttException">Connection lost (32109) - java.io.EOFException
	at app//org.eclipse.paho.client.mqttv3.internal.CommsReceiver.run(CommsReceiver.java:197)
	at java.base@17.0.7/java.lang.Thread.run(Thread.java:833)
Caused by: java.io.EOFException
	at org.eclipse.paho.client.mqttv3.internal.wire.MqttInputStream.readFully(MqttInputStream.java:148)
	at org.eclipse.paho.client.mqttv3.internal.wire.MqttInputStream.readMqttWireMessage(MqttInputStream.java:112)
	at org.eclipse.paho.client.mqttv3.internal.CommsReceiver.run(CommsReceiver.java:137)
	... 1 more
</failure>
  </testcase>
  <system-out><![CDATA[]]></system-out>
  <system-err><![CDATA[]]></system-err>
</testsuite>
